<?xml version="1.0" encoding="UTF-8"?>
<!-- Generated by org.testng.reporters.JUnitReportReporter -->
<testsuite hostname="sai-PC" failures="0" tests="2" name="testNg_newConcepts.DataProvider_concepts" time="0.015" errors="0" timestamp="2023-04-13T13:05:45 IST" skipped="0">
  <testcase classname="testNg_newConcepts.DataProvider_concepts" name="test" time="0.012"/>
  <system-out/>
  <testcase classname="testNg_newConcepts.DataProvider_concepts" name="test" time="0.003"/>
  <system-out/>
</testsuite> <!-- testNg_newConcepts.DataProvider_concepts -->
