<?xml version="1.0" encoding="UTF-8"?>
<!-- Generated by org.testng.reporters.JUnitReportReporter -->
<testsuite hostname="sai-PC" failures="0" tests="3" name="luma_homepage.Create_and_signin" time="706.646" errors="0" timestamp="2023-04-10T19:23:37 IST" skipped="0">
  <testcase classname="luma_homepage.Create_and_signin" name="loadConfigFile" time="0.457"/>
  <system-out/>
  <testcase classname="luma_homepage.Create_and_signin" name="driver_Setup" time="15.819"/>
  <system-out/>
  <testcase classname="luma_homepage.Create_and_signin" name="productSelection" time="690.370"/>
  <system-out/>
</testsuite> <!-- luma_homepage.Create_and_signin -->
